3-Cycle Test Started: 2025-10-04T22:59:50.389477
================================================================================

[22:59:50] [INFO] üöÄ Starting Flask app...
[22:59:50] [INFO] Monitoring for 3 purchase cycles...
[22:59:50] [INFO] 
[22:59:50] [INFO] ‚úÖ App started successfully
[22:59:50] [INFO] Monitoring dashboard at http://127.0.0.1:5001
[22:59:50] [INFO] 
[23:00:01] [INFO] 
================================================================================
[23:00:01] [INFO] üîÑ CYCLE 1 STARTED
[23:00:01] [INFO] ================================================================================
[23:00:01] [INFO] üõí PURCHASE ATTEMPTED (Cycle 1)
[23:00:02] [ERROR] üì¶ PURCHASE COMPLETED (Cycle 1): ‚ùå FAILED
[23:00:02] [INFO] ‚è±Ô∏è  Cycle 1 duration: 1.0s
[23:00:43] [INFO] 
================================================================================
[23:00:43] [INFO] üîÑ CYCLE 2 STARTED
[23:00:43] [INFO] ================================================================================
[23:00:43] [INFO] üõí PURCHASE ATTEMPTED (Cycle 2)
[23:00:44] [ERROR] üì¶ PURCHASE COMPLETED (Cycle 2): ‚ùå FAILED
[23:00:44] [INFO] ‚è±Ô∏è  Cycle 2 duration: 1.0s
[23:02:06] [INFO] 
================================================================================
[23:02:06] [INFO] üîÑ CYCLE 3 STARTED
[23:02:06] [INFO] ================================================================================
[23:02:06] [INFO] üõí PURCHASE ATTEMPTED (Cycle 3)
[23:02:07] [INFO] 
üèÅ 3 cycles completed - waiting for final cycle to finish...
[23:02:17] [INFO] 
üìä Generating final report...
[23:02:17] [INFO] 
================================================================================
[23:02:17] [INFO] üìä FINAL TEST REPORT
[23:02:17] [INFO] ================================================================================
[23:02:17] [INFO] 
Total Cycles: 2
[23:02:17] [INFO] Successful Logins: 0/2
[23:02:17] [INFO] Successful Purchases: 0/2
[23:02:17] [INFO] 
Cycle Details:
[23:02:17] [INFO] 
Cycle 1:
[23:02:17] [INFO]   Duration: 1.0s
[23:02:17] [INFO]   Login Validated: ‚ùå NO
[23:02:17] [INFO]   Purchase Attempted: ‚úÖ YES
[23:02:17] [INFO]   Purchase Success: ‚ùå NO
[23:02:17] [INFO] 
Cycle 2:
[23:02:17] [INFO]   Duration: 1.0s
[23:02:17] [INFO]   Login Validated: ‚ùå NO
[23:02:17] [INFO]   Purchase Attempted: ‚úÖ YES
[23:02:17] [INFO]   Purchase Success: ‚ùå NO
[23:02:17] [INFO] 
================================================================================
[23:02:17] [ERROR] ‚ùå TEST FAILED: Session did not persist across all cycles
[23:02:17] [INFO] ‚ùå Only 0/3 logins validated
[23:02:17] [INFO] 
üìÅ Full test log saved to: logs/test_3_cycles_log.txt
